c:\users\raymond\desktop\ray stuff\university of michigan\sophomore\spring\eecs 281\p2\project2\project2\debug\vc140.pdb
c:\users\raymond\desktop\ray stuff\university of michigan\sophomore\spring\eecs 281\p2\project2\project2\debug\vc140.idb
c:\users\raymond\desktop\ray stuff\university of michigan\sophomore\spring\eecs 281\p2\project2\project2\debug\p2random.nativecodeanalysis.xml
c:\users\raymond\desktop\ray stuff\university of michigan\sophomore\spring\eecs 281\p2\project2\project2\debug\testpq.nativecodeanalysis.xml
c:\users\raymond\desktop\ray stuff\university of michigan\sophomore\spring\eecs 281\p2\project2\project2\debug\testpq.obj
c:\users\raymond\desktop\ray stuff\university of michigan\sophomore\spring\eecs 281\p2\project2\project2\debug\p2random.obj
c:\users\raymond\desktop\ray stuff\university of michigan\sophomore\spring\eecs 281\p2\project2\project2\debug\project2.obj
c:\users\raymond\desktop\ray stuff\university of michigan\sophomore\spring\eecs 281\p2\project2\project2\debug\getopt.obj
c:\users\raymond\desktop\ray stuff\university of michigan\sophomore\spring\eecs 281\p2\project2\debug\project2.ilk
c:\users\raymond\desktop\ray stuff\university of michigan\sophomore\spring\eecs 281\p2\project2\debug\project2.exe
c:\users\raymond\desktop\ray stuff\university of michigan\sophomore\spring\eecs 281\p2\project2\debug\project2.pdb
c:\users\raymond\desktop\ray stuff\university of michigan\sophomore\spring\eecs 281\p2\project2\project2\debug\nativecodeanalysis.read.1.tlog
c:\users\raymond\desktop\ray stuff\university of michigan\sophomore\spring\eecs 281\p2\project2\project2\debug\vc.nativecodeanalysis.all.xml
c:\users\raymond\desktop\ray stuff\university of michigan\sophomore\spring\eecs 281\p2\project2\debug\project2.exe.lastcodeanalysissucceeded
c:\users\raymond\desktop\ray stuff\university of michigan\sophomore\spring\eecs 281\p2\project2\project2\debug\project2.tlog\cl.command.1.tlog
c:\users\raymond\desktop\ray stuff\university of michigan\sophomore\spring\eecs 281\p2\project2\project2\debug\project2.tlog\cl.read.1.tlog
c:\users\raymond\desktop\ray stuff\university of michigan\sophomore\spring\eecs 281\p2\project2\project2\debug\project2.tlog\cl.write.1.tlog
c:\users\raymond\desktop\ray stuff\university of michigan\sophomore\spring\eecs 281\p2\project2\project2\debug\project2.tlog\link.command.1.tlog
c:\users\raymond\desktop\ray stuff\university of michigan\sophomore\spring\eecs 281\p2\project2\project2\debug\project2.tlog\link.read.1.tlog
c:\users\raymond\desktop\ray stuff\university of michigan\sophomore\spring\eecs 281\p2\project2\project2\debug\project2.tlog\link.write.1.tlog
